<?xml version="1.0" encoding="UTF-8"?>
<testsuite xmlns:xsi="http://www.w3.org/2001/XMLSchema-instance" xsi:noNamespaceSchemaLocation="https://maven.apache.org/surefire/maven-surefire-plugin/xsd/surefire-test-report-3.0.xsd" version="3.0" name="com.spring_application.jobApplication.JobApplicationTests" time="3.219" tests="1" errors="0" skipped="0" failures="0">
  <properties>
[...]
</properties>
  <testcase name="contextLoads" classname="com.spring_application.jobApplication.JobApplicationTests" time="0.338">
    <system-out><![CDATA[15:57:55.855 [main] INFO org.springframework.test.context.support.AnnotationConfigContextLoaderUtils -- Could not detect default configuration classes for test class [com.spring_application.jobApplication.JobApplicationTests]: JobApplicationTests does not declare any static, non-private, non-final, nested classes annotated with @Configuration.
15:57:55.925 [main] INFO org.springframework.boot.test.context.SpringBootTestContextBootstrapper -- Found @SpringBootConfiguration com.spring_application.jobApplication.JobApplication for test class com.spring_application.jobApplication.JobApplicationTests

  .   ____          _            __ _ _
 /\\ / ___'_ __ _ _(_)_ __  __ _ \ \ \ \
( ( )\___ | '_ | '_| | '_ \/ _` | \ \ \ \
 \\/  ___)| |_)| | | | | || (_| |  ) ) ) )
  '  |____| .__|_| |_|_| |_\__, | / / / /
 =========|_|==============|___/=/_/_/_/

 :: Spring Boot ::                (v3.3.1)

2024-07-16T15:57:56.129-05:00  INFO 73850 --- [jobApplication] [           main] c.s.jobApplication.JobApplicationTests   : Starting JobApplicationTests using Java 22.0.1 with PID 73850 (started by amaterasu in /Users/amaterasu/Downloads/jobApplication)
2024-07-16T15:57:56.130-05:00  INFO 73850 --- [jobApplication] [           main] c.s.jobApplication.JobApplicationTests   : No active profile set, falling back to 1 default profile: "default"
2024-07-16T15:57:56.653-05:00  INFO 73850 --- [jobApplication] [           main] .s.d.r.c.RepositoryConfigurationDelegate : Bootstrapping Spring Data JPA repositories in DEFAULT mode.
2024-07-16T15:57:56.680-05:00  INFO 73850 --- [jobApplication] [           main] .s.d.r.c.RepositoryConfigurationDelegate : Finished Spring Data repository scanning in 23 ms. Found 3 JPA repository interfaces.
2024-07-16T15:57:56.984-05:00  INFO 73850 --- [jobApplication] [           main] o.hibernate.jpa.internal.util.LogHelper  : HHH000204: Processing PersistenceUnitInfo [name: default]
2024-07-16T15:57:57.014-05:00  INFO 73850 --- [jobApplication] [           main] org.hibernate.Version                    : HHH000412: Hibernate ORM core version 6.5.2.Final
2024-07-16T15:57:57.037-05:00  INFO 73850 --- [jobApplication] [           main] o.h.c.internal.RegionFactoryInitiator    : HHH000026: Second-level cache disabled
2024-07-16T15:57:57.175-05:00  INFO 73850 --- [jobApplication] [           main] o.s.o.j.p.SpringPersistenceUnitInfo      : No LoadTimeWeaver setup: ignoring JPA class transformer
2024-07-16T15:57:57.187-05:00  INFO 73850 --- [jobApplication] [           main] com.zaxxer.hikari.HikariDataSource       : HikariPool-1 - Starting...
2024-07-16T15:57:57.268-05:00  INFO 73850 --- [jobApplication] [           main] com.zaxxer.hikari.pool.HikariPool        : HikariPool-1 - Added connection conn0: url=jdbc:h2:mem:test user=SA
2024-07-16T15:57:57.269-05:00  INFO 73850 --- [jobApplication] [           main] com.zaxxer.hikari.HikariDataSource       : HikariPool-1 - Start completed.
2024-07-16T15:57:57.764-05:00  INFO 73850 --- [jobApplication] [           main] o.h.e.t.j.p.i.JtaPlatformInitiator       : HHH000489: No JTA platform available (set 'hibernate.transaction.jta.platform' to enable JTA platform integration)
2024-07-16T15:57:57.800-05:00  INFO 73850 --- [jobApplication] [           main] j.LocalContainerEntityManagerFactoryBean : Initialized JPA EntityManagerFactory for persistence unit 'default'
2024-07-16T15:57:58.097-05:00  WARN 73850 --- [jobApplication] [           main] JpaBaseConfiguration$JpaWebConfiguration : spring.jpa.open-in-view is enabled by default. Therefore, database queries may be performed during view rendering. Explicitly configure spring.jpa.open-in-view to disable this warning
2024-07-16T15:57:58.531-05:00  INFO 73850 --- [jobApplication] [           main] o.s.b.a.h2.H2ConsoleAutoConfiguration    : H2 console available at '/h2-console'. Database available at 'jdbc:h2:mem:test'
2024-07-16T15:57:58.554-05:00  INFO 73850 --- [jobApplication] [           main] o.s.b.a.e.web.EndpointLinksResolver      : Exposing 15 endpoints beneath base path '/actuator'
2024-07-16T15:57:58.598-05:00  INFO 73850 --- [jobApplication] [           main] c.s.jobApplication.JobApplicationTests   : Started JobApplicationTests in 2.607 seconds (process running for 3.08)
]]></system-out>
    <system-err><![CDATA[WARNING: A Java agent has been loaded dynamically (/Users/amaterasu/.m2/repository/net/bytebuddy/byte-buddy-agent/1.14.17/byte-buddy-agent-1.14.17.jar)
WARNING: If a serviceability tool is in use, please run with -XX:+EnableDynamicAgentLoading to hide this warning
WARNING: If a serviceability tool is not in use, please run with -Djdk.instrument.traceUsage for more information
WARNING: Dynamic loading of agents will be disallowed by default in a future release
]]></system-err>
  </testcase>
</testsuite>